{"I:\\Github\\DownloadManager\\index.js":{"path":"I:\\Github\\DownloadManager\\index.js","s":{"1":1,"2":1,"3":1,"4":1,"5":1,"6":1,"7":1,"8":1,"9":1,"10":1,"11":1,"12":1,"13":1,"14":0,"15":0,"16":0,"17":0,"18":0,"19":1},"b":{"1":[1,1]},"f":{"1":1,"2":1,"3":0,"4":0,"5":0},"fnMap":{"1":{"name":"(anonymous_1)","line":23,"loc":{"start":{"line":23,"column":54},"end":{"line":23,"column":65}}},"2":{"name":"(anonymous_2)","line":43,"loc":{"start":{"line":43,"column":46},"end":{"line":43,"column":57}}},"3":{"name":"(anonymous_3)","line":44,"loc":{"start":{"line":44,"column":42},"end":{"line":44,"column":53}}},"4":{"name":"(anonymous_4)","line":47,"loc":{"start":{"line":47,"column":31},"end":{"line":47,"column":42}}},"5":{"name":"(anonymous_5)","line":51,"loc":{"start":{"line":51,"column":13},"end":{"line":51,"column":27}}}},"statementMap":{"1":{"start":{"line":4,"column":0},"end":{"line":4,"column":27}},"2":{"start":{"line":5,"column":0},"end":{"line":5,"column":56}},"3":{"start":{"line":8,"column":0},"end":{"line":8,"column":19}},"4":{"start":{"line":10,"column":0},"end":{"line":10,"column":54}},"5":{"start":{"line":12,"column":0},"end":{"line":14,"column":3}},"6":{"start":{"line":16,"column":0},"end":{"line":16,"column":57}},"7":{"start":{"line":18,"column":0},"end":{"line":21,"column":3}},"8":{"start":{"line":23,"column":0},"end":{"line":41,"column":2}},"9":{"start":{"line":24,"column":4},"end":{"line":26,"column":6}},"10":{"start":{"line":28,"column":4},"end":{"line":38,"column":7}},"11":{"start":{"line":40,"column":4},"end":{"line":40,"column":48}},"12":{"start":{"line":43,"column":0},"end":{"line":55,"column":2}},"13":{"start":{"line":44,"column":4},"end":{"line":54,"column":7}},"14":{"start":{"line":45,"column":8},"end":{"line":45,"column":36}},"15":{"start":{"line":47,"column":8},"end":{"line":50,"column":11}},"16":{"start":{"line":48,"column":12},"end":{"line":49,"column":27}},"17":{"start":{"line":52,"column":8},"end":{"line":52,"column":27}},"18":{"start":{"line":53,"column":8},"end":{"line":53,"column":24}},"19":{"start":{"line":57,"column":0},"end":{"line":57,"column":24}}},"branchMap":{"1":{"line":13,"type":"binary-expr","locations":[{"start":{"line":13,"column":17},"end":{"line":13,"column":33}},{"start":{"line":13,"column":37},"end":{"line":13,"column":41}}]}}},"I:\\Github\\DownloadManager\\handlers\\bucketActions.js":{"path":"I:\\Github\\DownloadManager\\handlers\\bucketActions.js","s":{"1":1,"2":1,"3":1,"4":1,"5":1,"6":1,"7":0,"8":1,"9":0,"10":0,"11":1,"12":0,"13":0,"14":0,"15":0,"16":1,"17":1,"18":0,"19":0,"20":0,"21":0,"22":1,"23":0,"24":0,"25":0,"26":0,"27":1,"28":0,"29":0,"30":1,"31":0,"32":0,"33":1,"34":0,"35":0,"36":1,"37":0,"38":0,"39":1,"40":0,"41":1,"42":0,"43":0},"b":{"1":[0,0],"2":[0,0]},"f":{"1":0,"2":0,"3":0,"4":1,"5":0,"6":0,"7":0,"8":0,"9":0,"10":0,"11":0,"12":0,"13":0,"14":0},"fnMap":{"1":{"name":"(anonymous_1)","line":14,"loc":{"start":{"line":14,"column":43},"end":{"line":14,"column":54}}},"2":{"name":"(anonymous_2)","line":18,"loc":{"start":{"line":18,"column":25},"end":{"line":18,"column":39}}},"3":{"name":"(anonymous_3)","line":23,"loc":{"start":{"line":23,"column":22},"end":{"line":23,"column":62}}},"4":{"name":"(anonymous_4)","line":37,"loc":{"start":{"line":37,"column":56},"end":{"line":37,"column":67}}},"5":{"name":"(anonymous_5)","line":39,"loc":{"start":{"line":39,"column":8},"end":{"line":39,"column":19}}},"6":{"name":"(anonymous_6)","line":44,"loc":{"start":{"line":44,"column":8},"end":{"line":44,"column":22}}},"7":{"name":"(anonymous_7)","line":53,"loc":{"start":{"line":53,"column":52},"end":{"line":54,"column":21}}},"8":{"name":"(anonymous_8)","line":57,"loc":{"start":{"line":57,"column":12},"end":{"line":57,"column":26}}},"9":{"name":"(anonymous_9)","line":70,"loc":{"start":{"line":70,"column":42},"end":{"line":71,"column":21}}},"10":{"name":"(anonymous_10)","line":77,"loc":{"start":{"line":77,"column":38},"end":{"line":77,"column":68}}},"11":{"name":"(anonymous_11)","line":83,"loc":{"start":{"line":83,"column":44},"end":{"line":83,"column":67}}},"12":{"name":"(anonymous_12)","line":89,"loc":{"start":{"line":89,"column":42},"end":{"line":89,"column":65}}},"13":{"name":"(anonymous_13)","line":95,"loc":{"start":{"line":95,"column":44},"end":{"line":95,"column":55}}},"14":{"name":"(anonymous_14)","line":99,"loc":{"start":{"line":99,"column":48},"end":{"line":99,"column":71}}}},"statementMap":{"1":{"start":{"line":3,"column":0},"end":{"line":3,"column":37}},"2":{"start":{"line":4,"column":0},"end":{"line":4,"column":27}},"3":{"start":{"line":6,"column":0},"end":{"line":6,"column":19}},"4":{"start":{"line":8,"column":0},"end":{"line":8,"column":28}},"5":{"start":{"line":10,"column":0},"end":{"line":12,"column":2}},"6":{"start":{"line":14,"column":0},"end":{"line":16,"column":2}},"7":{"start":{"line":15,"column":4},"end":{"line":15,"column":62}},"8":{"start":{"line":18,"column":0},"end":{"line":21,"column":2}},"9":{"start":{"line":19,"column":4},"end":{"line":19,"column":21}},"10":{"start":{"line":20,"column":4},"end":{"line":20,"column":14}},"11":{"start":{"line":23,"column":0},"end":{"line":35,"column":2}},"12":{"start":{"line":24,"column":4},"end":{"line":26,"column":7}},"13":{"start":{"line":28,"column":4},"end":{"line":32,"column":5}},"14":{"start":{"line":29,"column":8},"end":{"line":31,"column":10}},"15":{"start":{"line":34,"column":4},"end":{"line":34,"column":20}},"16":{"start":{"line":37,"column":0},"end":{"line":51,"column":2}},"17":{"start":{"line":38,"column":4},"end":{"line":50,"column":11}},"18":{"start":{"line":40,"column":12},"end":{"line":42,"column":50}},"19":{"start":{"line":45,"column":12},"end":{"line":47,"column":50}},"20":{"start":{"line":48,"column":12},"end":{"line":48,"column":45}},"21":{"start":{"line":49,"column":12},"end":{"line":49,"column":22}},"22":{"start":{"line":53,"column":0},"end":{"line":68,"column":2}},"23":{"start":{"line":55,"column":4},"end":{"line":67,"column":15}},"24":{"start":{"line":59,"column":16},"end":{"line":66,"column":17}},"25":{"start":{"line":61,"column":20},"end":{"line":62,"column":41}},"26":{"start":{"line":65,"column":20},"end":{"line":65,"column":48}},"27":{"start":{"line":70,"column":0},"end":{"line":75,"column":2}},"28":{"start":{"line":72,"column":4},"end":{"line":72,"column":70}},"29":{"start":{"line":74,"column":4},"end":{"line":74,"column":54}},"30":{"start":{"line":77,"column":0},"end":{"line":81,"column":2}},"31":{"start":{"line":78,"column":4},"end":{"line":78,"column":53}},"32":{"start":{"line":80,"column":4},"end":{"line":80,"column":59}},"33":{"start":{"line":83,"column":0},"end":{"line":87,"column":2}},"34":{"start":{"line":84,"column":4},"end":{"line":84,"column":53}},"35":{"start":{"line":86,"column":4},"end":{"line":86,"column":55}},"36":{"start":{"line":89,"column":0},"end":{"line":93,"column":2}},"37":{"start":{"line":90,"column":4},"end":{"line":90,"column":53}},"38":{"start":{"line":92,"column":4},"end":{"line":92,"column":54}},"39":{"start":{"line":95,"column":0},"end":{"line":97,"column":2}},"40":{"start":{"line":96,"column":4},"end":{"line":96,"column":73}},"41":{"start":{"line":99,"column":0},"end":{"line":103,"column":2}},"42":{"start":{"line":100,"column":4},"end":{"line":100,"column":53}},"43":{"start":{"line":102,"column":4},"end":{"line":102,"column":57}}},"branchMap":{"1":{"line":28,"type":"if","locations":[{"start":{"line":28,"column":4},"end":{"line":28,"column":4}},{"start":{"line":28,"column":4},"end":{"line":28,"column":4}}]},"2":{"line":59,"type":"if","locations":[{"start":{"line":59,"column":16},"end":{"line":59,"column":16}},{"start":{"line":59,"column":16},"end":{"line":59,"column":16}}]}}},"I:\\Github\\DownloadManager\\routes.js":{"path":"I:\\Github\\DownloadManager\\routes.js","s":{"1":1,"2":1,"3":1,"4":1,"5":1,"6":1,"7":1,"8":1},"b":{},"f":{},"fnMap":{},"statementMap":{"1":{"start":{"line":1,"column":0},"end":{"line":1,"column":25}},"2":{"start":{"line":2,"column":0},"end":{"line":2,"column":42}},"3":{"start":{"line":3,"column":0},"end":{"line":3,"column":40}},"4":{"start":{"line":4,"column":0},"end":{"line":4,"column":36}},"5":{"start":{"line":6,"column":0},"end":{"line":6,"column":19}},"6":{"start":{"line":8,"column":0},"end":{"line":9,"column":40}},"7":{"start":{"line":10,"column":0},"end":{"line":10,"column":62}},"8":{"start":{"line":13,"column":0},"end":{"line":59,"column":3}}},"branchMap":{}},"I:\\Github\\DownloadManager\\handlers\\assets.js":{"path":"I:\\Github\\DownloadManager\\handlers\\assets.js","s":{"1":1},"b":{},"f":{},"fnMap":{},"statementMap":{"1":{"start":{"line":3,"column":0},"end":{"line":7,"column":2}}},"branchMap":{}},"I:\\Github\\DownloadManager\\handlers\\pages.js":{"path":"I:\\Github\\DownloadManager\\handlers\\pages.js","s":{"1":1,"2":1,"3":1,"4":0,"5":0,"6":0},"b":{},"f":{"1":1,"2":0,"3":0,"4":0},"fnMap":{"1":{"name":"(anonymous_1)","line":3,"loc":{"start":{"line":3,"column":15},"end":{"line":3,"column":40}}},"2":{"name":"(anonymous_2)","line":9,"loc":{"start":{"line":9,"column":19},"end":{"line":9,"column":44}}},"3":{"name":"(anonymous_3)","line":10,"loc":{"start":{"line":10,"column":63},"end":{"line":11,"column":20}}},"4":{"name":"(anonymous_4)","line":16,"loc":{"start":{"line":16,"column":13},"end":{"line":16,"column":27}}}},"statementMap":{"1":{"start":{"line":3,"column":0},"end":{"line":7,"column":2}},"2":{"start":{"line":4,"column":4},"end":{"line":6,"column":7}},"3":{"start":{"line":9,"column":0},"end":{"line":21,"column":2}},"4":{"start":{"line":10,"column":4},"end":{"line":20,"column":7}},"5":{"start":{"line":12,"column":8},"end":{"line":15,"column":11}},"6":{"start":{"line":17,"column":8},"end":{"line":19,"column":21}}},"branchMap":{}},"I:\\Github\\DownloadManager\\handlers\\api.js":{"path":"I:\\Github\\DownloadManager\\handlers\\api.js","s":{"1":1,"2":0,"3":0,"4":0,"5":1,"6":0,"7":0,"8":0,"9":0,"10":0,"11":0,"12":0,"13":1,"14":0,"15":0,"16":0,"17":0,"18":0,"19":0,"20":0},"b":{},"f":{"1":0,"2":0,"3":0,"4":0,"5":0,"6":0,"7":0,"8":0,"9":0,"10":0,"11":0},"fnMap":{"1":{"name":"(anonymous_1)","line":3,"loc":{"start":{"line":3,"column":24},"end":{"line":3,"column":49}}},"2":{"name":"(anonymous_2)","line":6,"loc":{"start":{"line":6,"column":37},"end":{"line":6,"column":58}}},"3":{"name":"(anonymous_3)","line":10,"loc":{"start":{"line":10,"column":13},"end":{"line":10,"column":27}}},"4":{"name":"(anonymous_4)","line":17,"loc":{"start":{"line":17,"column":28},"end":{"line":17,"column":53}}},"5":{"name":"(anonymous_5)","line":23,"loc":{"start":{"line":23,"column":14},"end":{"line":23,"column":25}}},"6":{"name":"(anonymous_6)","line":31,"loc":{"start":{"line":31,"column":16},"end":{"line":31,"column":27}}},"7":{"name":"(anonymous_7)","line":36,"loc":{"start":{"line":36,"column":17},"end":{"line":36,"column":31}}},"8":{"name":"(anonymous_8)","line":43,"loc":{"start":{"line":43,"column":25},"end":{"line":43,"column":50}}},"9":{"name":"(anonymous_9)","line":49,"loc":{"start":{"line":49,"column":51},"end":{"line":49,"column":62}}},"10":{"name":"(anonymous_10)","line":57,"loc":{"start":{"line":57,"column":12},"end":{"line":57,"column":23}}},"11":{"name":"(anonymous_11)","line":62,"loc":{"start":{"line":62,"column":13},"end":{"line":62,"column":27}}}},"statementMap":{"1":{"start":{"line":3,"column":0},"end":{"line":15,"column":2}},"2":{"start":{"line":6,"column":4},"end":{"line":14,"column":7}},"3":{"start":{"line":7,"column":8},"end":{"line":9,"column":11}},"4":{"start":{"line":11,"column":8},"end":{"line":13,"column":21}},"5":{"start":{"line":17,"column":0},"end":{"line":41,"column":2}},"6":{"start":{"line":18,"column":4},"end":{"line":18,"column":20}},"7":{"start":{"line":20,"column":4},"end":{"line":20,"column":58}},"8":{"start":{"line":22,"column":4},"end":{"line":40,"column":11}},"9":{"start":{"line":26,"column":12},"end":{"line":26,"column":29}},"10":{"start":{"line":29,"column":12},"end":{"line":29,"column":65}},"11":{"start":{"line":34,"column":12},"end":{"line":34,"column":48}},"12":{"start":{"line":37,"column":12},"end":{"line":39,"column":25}},"13":{"start":{"line":43,"column":0},"end":{"line":67,"column":2}},"14":{"start":{"line":44,"column":4},"end":{"line":44,"column":20}},"15":{"start":{"line":46,"column":4},"end":{"line":46,"column":57}},"16":{"start":{"line":49,"column":4},"end":{"line":66,"column":7}},"17":{"start":{"line":52,"column":8},"end":{"line":52,"column":25}},"18":{"start":{"line":55,"column":8},"end":{"line":55,"column":64}},"19":{"start":{"line":60,"column":8},"end":{"line":60,"column":44}},"20":{"start":{"line":63,"column":8},"end":{"line":65,"column":21}}},"branchMap":{}}}