TN:
SF:I:\Github\DownloadManager\index.js
FN:23,(anonymous_1)
FN:43,(anonymous_2)
FN:44,(anonymous_3)
FN:47,(anonymous_4)
FN:51,(anonymous_5)
FNF:5
FNH:2
FNDA:1,(anonymous_1)
FNDA:1,(anonymous_2)
FNDA:0,(anonymous_3)
FNDA:0,(anonymous_4)
FNDA:0,(anonymous_5)
DA:4,1
DA:5,1
DA:8,1
DA:10,1
DA:12,1
DA:16,1
DA:18,1
DA:23,1
DA:24,1
DA:28,1
DA:40,1
DA:43,1
DA:44,1
DA:45,0
DA:47,0
DA:48,0
DA:52,0
DA:53,0
DA:57,1
LF:19
LH:14
BRDA:13,1,0,1
BRDA:13,1,1,1
BRF:2
BRH:2
end_of_record
TN:
SF:I:\Github\DownloadManager\handlers\bucketActions.js
FN:14,(anonymous_1)
FN:18,(anonymous_2)
FN:23,(anonymous_3)
FN:37,(anonymous_4)
FN:39,(anonymous_5)
FN:44,(anonymous_6)
FN:53,(anonymous_7)
FN:57,(anonymous_8)
FN:70,(anonymous_9)
FN:77,(anonymous_10)
FN:83,(anonymous_11)
FN:89,(anonymous_12)
FN:95,(anonymous_13)
FN:99,(anonymous_14)
FNF:14
FNH:1
FNDA:0,(anonymous_1)
FNDA:0,(anonymous_2)
FNDA:0,(anonymous_3)
FNDA:1,(anonymous_4)
FNDA:0,(anonymous_5)
FNDA:0,(anonymous_6)
FNDA:0,(anonymous_7)
FNDA:0,(anonymous_8)
FNDA:0,(anonymous_9)
FNDA:0,(anonymous_10)
FNDA:0,(anonymous_11)
FNDA:0,(anonymous_12)
FNDA:0,(anonymous_13)
FNDA:0,(anonymous_14)
DA:3,1
DA:4,1
DA:6,1
DA:8,1
DA:10,1
DA:14,1
DA:15,0
DA:18,1
DA:19,0
DA:20,0
DA:23,1
DA:24,0
DA:28,0
DA:29,0
DA:34,0
DA:37,1
DA:38,1
DA:40,0
DA:45,0
DA:48,0
DA:49,0
DA:53,1
DA:55,0
DA:59,0
DA:61,0
DA:65,0
DA:70,1
DA:72,0
DA:74,0
DA:77,1
DA:78,0
DA:80,0
DA:83,1
DA:84,0
DA:86,0
DA:89,1
DA:90,0
DA:92,0
DA:95,1
DA:96,0
DA:99,1
DA:100,0
DA:102,0
LF:43
LH:17
BRDA:28,1,0,0
BRDA:28,1,1,0
BRDA:59,2,0,0
BRDA:59,2,1,0
BRF:4
BRH:0
end_of_record
TN:
SF:I:\Github\DownloadManager\routes.js
FNF:0
FNH:0
DA:1,1
DA:2,1
DA:3,1
DA:4,1
DA:6,1
DA:8,1
DA:10,1
DA:13,1
LF:8
LH:8
BRF:0
BRH:0
end_of_record
TN:
SF:I:\Github\DownloadManager\handlers\assets.js
FNF:0
FNH:0
DA:3,1
LF:1
LH:1
BRF:0
BRH:0
end_of_record
TN:
SF:I:\Github\DownloadManager\handlers\pages.js
FN:3,(anonymous_1)
FN:9,(anonymous_2)
FN:10,(anonymous_3)
FN:16,(anonymous_4)
FNF:4
FNH:1
FNDA:1,(anonymous_1)
FNDA:0,(anonymous_2)
FNDA:0,(anonymous_3)
FNDA:0,(anonymous_4)
DA:3,1
DA:4,1
DA:9,1
DA:10,0
DA:12,0
DA:17,0
LF:6
LH:3
BRF:0
BRH:0
end_of_record
TN:
SF:I:\Github\DownloadManager\handlers\api.js
FN:3,(anonymous_1)
FN:6,(anonymous_2)
FN:10,(anonymous_3)
FN:17,(anonymous_4)
FN:23,(anonymous_5)
FN:31,(anonymous_6)
FN:36,(anonymous_7)
FN:43,(anonymous_8)
FN:49,(anonymous_9)
FN:57,(anonymous_10)
FN:62,(anonymous_11)
FNF:11
FNH:0
FNDA:0,(anonymous_1)
FNDA:0,(anonymous_2)
FNDA:0,(anonymous_3)
FNDA:0,(anonymous_4)
FNDA:0,(anonymous_5)
FNDA:0,(anonymous_6)
FNDA:0,(anonymous_7)
FNDA:0,(anonymous_8)
FNDA:0,(anonymous_9)
FNDA:0,(anonymous_10)
FNDA:0,(anonymous_11)
DA:3,1
DA:6,0
DA:7,0
DA:11,0
DA:17,1
DA:18,0
DA:20,0
DA:22,0
DA:26,0
DA:29,0
DA:34,0
DA:37,0
DA:43,1
DA:44,0
DA:46,0
DA:49,0
DA:52,0
DA:55,0
DA:60,0
DA:63,0
LF:20
LH:3
BRF:0
BRH:0
end_of_record
